<?xml version="1.0" encoding="UTF-8"?>
<!-- Generated by org.testng.reporters.JUnitReportReporter -->
<testsuite hostname="LAPTOP-P51UDK63" failures="0" tests="10" name="_06_POM.LoginTestPOM" time="10.931" errors="0" timestamp="2024-03-25T17:27:22 CET" skipped="0">
  <testcase classname="_06_POM.LoginTestPOM" name="loginTest" time="0.329"/>
  <system-out/>
  <testcase classname="_06_POM.LoginTestPOM" name="loginTest" time="0.323"/>
  <system-out/>
  <testcase classname="_06_POM.LoginTestPOM" name="loginTest" time="0.295"/>
  <system-out/>
  <testcase classname="_06_POM.LoginTestPOM" name="loginTest" time="0.357"/>
  <system-out/>
  <testcase classname="_06_POM.LoginTestPOM" name="loginTest" time="0.299"/>
  <system-out/>
  <testcase classname="_06_POM.LoginTestPOM" name="loginTest" time="0.371"/>
  <system-out/>
  <testcase classname="_06_POM.LoginTestPOM" name="loginTest" time="2.956"/>
  <system-out/>
  <testcase classname="_06_POM.LoginTestPOM" name="loginTest" time="5.368"/>
  <system-out/>
  <testcase classname="_06_POM.LoginTestPOM" name="loginTest" time="0.337"/>
  <system-out/>
  <testcase classname="_06_POM.LoginTestPOM" name="loginTest" time="0.296"/>
  <system-out/>
</testsuite> <!-- _06_POM.LoginTestPOM -->
