<?xml version="1.0" encoding="UTF-8"?>
<!-- Generated by org.testng.reporters.JUnitReportReporter -->
<testsuite hostname="LAPTOP-P51UDK63" failures="0" tests="10" name="_06_POM.LoginTestPOM" time="13.415" errors="0" timestamp="2024-03-25T16:13:26 CET" skipped="0">
  <testcase classname="_06_POM.LoginTestPOM" name="loginTest" time="0.881"/>
  <system-out/>
  <testcase classname="_06_POM.LoginTestPOM" name="loginTest" time="0.491"/>
  <system-out/>
  <testcase classname="_06_POM.LoginTestPOM" name="loginTest" time="0.424"/>
  <system-out/>
  <testcase classname="_06_POM.LoginTestPOM" name="loginTest" time="0.458"/>
  <system-out/>
  <testcase classname="_06_POM.LoginTestPOM" name="loginTest" time="0.437"/>
  <system-out/>
  <testcase classname="_06_POM.LoginTestPOM" name="loginTest" time="0.485"/>
  <system-out/>
  <testcase classname="_06_POM.LoginTestPOM" name="loginTest" time="0.503"/>
  <system-out/>
  <testcase classname="_06_POM.LoginTestPOM" name="loginTest" time="0.820"/>
  <system-out/>
  <testcase classname="_06_POM.LoginTestPOM" name="loginTest" time="5.609"/>
  <system-out/>
  <testcase classname="_06_POM.LoginTestPOM" name="loginTest" time="3.307"/>
  <system-out/>
</testsuite> <!-- _06_POM.LoginTestPOM -->
